<?xml version="1.0" encoding="UTF-8"?>
<!-- Generated by org.testng.reporters.JUnitXMLReporter -->
<testsuite ignored="0" hostname="DESKTOP-SB7292E" failures="0" tests="7" name="Default test" time="17.099" errors="0" timestamp="2024-07-25T22:25:43 IST">
  <testcase classname="com.TestNg.Adactin_Testng" name="adacticLogin" time="5.086"/>
  <testcase classname="com.TestNg.Adactin_Testng" name="adactin_hotelsearch" time="1.492"/>
  <testcase classname="com.TestNg.Adactin_Testng" name="selectRoomtype" time="0.105"/>
  <testcase classname="com.TestNg.Adactin_Testng" name="selecthotel" time="0.106"/>
  <testcase classname="com.TestNg.Adactin_Testng" name="Select_Hotelcategory" time="2.177"/>
  <testcase classname="com.TestNg.Adactin_Testng" name="confirmHotel" time="2.083"/>
  <testcase classname="com.TestNg.Adactin_Testng" name="bookHotel" time="4.432"/>
</testsuite> <!-- Default test -->
