<?xml version="1.0" encoding="UTF-8"?>
<testng-results ignored="0" total="7" passed="7" failed="0" skipped="0">
  <reporter-output>
  </reporter-output>
  <suite started-at="2024-07-25T22:25:25 IST" name="Default suite" finished-at="2024-07-25T22:25:42 IST" duration-ms="17099">
    <groups>
    </groups>
    <test started-at="2024-07-25T22:25:25 IST" name="Default test" finished-at="2024-07-25T22:25:42 IST" duration-ms="17099">
      <class name="com.TestNg.Adactin_Testng">
        <test-method is-config="true" signature="setUp()[pri:0, instance:com.TestNg.Adactin_Testng@15a34df2]" started-at="2024-07-25T22:25:25 IST" name="setUp" finished-at="2024-07-25T22:25:27 IST" duration-ms="1388" status="PASS">
          <reporter-output>
          </reporter-output>
        </test-method> <!-- setUp -->
        <test-method signature="adacticLogin()[pri:0, instance:com.TestNg.Adactin_Testng@15a34df2]" started-at="2024-07-25T22:25:27 IST" name="adacticLogin" finished-at="2024-07-25T22:25:32 IST" duration-ms="5086" status="PASS">
          <reporter-output>
          </reporter-output>
        </test-method> <!-- adacticLogin -->
        <test-method signature="adactin_hotelsearch()[pri:0, instance:com.TestNg.Adactin_Testng@15a34df2]" started-at="2024-07-25T22:25:32 IST" name="adactin_hotelsearch" finished-at="2024-07-25T22:25:33 IST" duration-ms="1492" status="PASS">
          <reporter-output>
          </reporter-output>
        </test-method> <!-- adactin_hotelsearch -->
        <test-method signature="selectRoomtype()[pri:1, instance:com.TestNg.Adactin_Testng@15a34df2]" started-at="2024-07-25T22:25:33 IST" name="selectRoomtype" finished-at="2024-07-25T22:25:34 IST" duration-ms="105" status="PASS">
          <reporter-output>
          </reporter-output>
        </test-method> <!-- selectRoomtype -->
        <test-method signature="selecthotel()[pri:2, instance:com.TestNg.Adactin_Testng@15a34df2]" started-at="2024-07-25T22:25:34 IST" name="selecthotel" finished-at="2024-07-25T22:25:34 IST" duration-ms="106" status="PASS">
          <reporter-output>
          </reporter-output>
        </test-method> <!-- selecthotel -->
        <test-method signature="Select_Hotelcategory()[pri:3, instance:com.TestNg.Adactin_Testng@15a34df2]" started-at="2024-07-25T22:25:34 IST" name="Select_Hotelcategory" finished-at="2024-07-25T22:25:36 IST" duration-ms="2177" status="PASS">
          <reporter-output>
          </reporter-output>
        </test-method> <!-- Select_Hotelcategory -->
        <test-method signature="confirmHotel()[pri:4, instance:com.TestNg.Adactin_Testng@15a34df2]" started-at="2024-07-25T22:25:36 IST" name="confirmHotel" finished-at="2024-07-25T22:25:38 IST" duration-ms="2083" status="PASS">
          <reporter-output>
          </reporter-output>
        </test-method> <!-- confirmHotel -->
        <test-method signature="bookHotel()[pri:5, instance:com.TestNg.Adactin_Testng@15a34df2]" started-at="2024-07-25T22:25:38 IST" name="bookHotel" finished-at="2024-07-25T22:25:42 IST" duration-ms="4432" status="PASS">
          <reporter-output>
          </reporter-output>
        </test-method> <!-- bookHotel -->
        <test-method is-config="true" signature="teardown()[pri:0, instance:com.TestNg.Adactin_Testng@15a34df2]" started-at="2024-07-25T22:25:42 IST" name="teardown" finished-at="2024-07-25T22:25:42 IST" duration-ms="164" status="PASS">
          <reporter-output>
          </reporter-output>
        </test-method> <!-- teardown -->
      </class> <!-- com.TestNg.Adactin_Testng -->
    </test> <!-- Default test -->
  </suite> <!-- Default suite -->
</testng-results>
